<?xml version="1.0" encoding="UTF-8"?>
<!-- Generated by org.testng.reporters.JUnitXMLReporter -->
<testsuite ignored="0" hostname="LTIN511698" failures="0" tests="11" name="Test" time="623.306" errors="0" timestamp="2024-02-28T15:38:23 IST">
  <testcase classname="testCases.TC_01" name="checkUrl" time="0.301"/>
  <testcase classname="testCases.TC_01" name="checkLocations" time="39.284"/>
  <testcase classname="testCases.TC_01" name="checkSpecialist" time="0.439"/>
  <testcase classname="testCases.TC_01" name="checkDoctorDetials" time="55.029"/>
  <testcase classname="testCases.TC_02" name="checkSurgiersPageOpened" time="25.893"/>
  <testcase classname="testCases.TC_02" name="printSurgeries" time="1.234"/>
  <testcase classname="testCases.TC_03" name="checkDemoPageOpened" time="43.711"/>
  <testcase classname="testCases.TC_03" name="validateForm_Invalid_Detials" time="2.215"/>
  <testcase classname="testCases.TC_04" name="checkDemoPageOpened" time="15.459"/>
  <testcase classname="testCases.TC_04" name="validateForm_Valid_Detials" time="17.866"/>
  <testcase classname="testCases.TC_05" name="endToEnd" time="260.125"/>
</testsuite> <!-- Test -->
