<?xml version="1.0" encoding="UTF-8"?>
<testng-results ignored="0" total="11" passed="11" failed="0" skipped="0">
  <reporter-output>
  </reporter-output>
  <suite started-at="2024-02-28T15:27:59 IST" name="Suite" finished-at="2024-02-28T15:38:23 IST" duration-ms="623306">
    <groups>
      <group name="regression">
        <method signature="TC_05.endToEnd()[pri:0, instance:testCases.TC_05@6340e5f0]" name="endToEnd" class="testCases.TC_05"/>
      </group> <!-- regression -->
      <group name="Regression">
        <method signature="TC_01.checkDoctorDetials()[pri:2, instance:testCases.TC_01@5677323c]" name="checkDoctorDetials" class="testCases.TC_01"/>
        <method signature="TC_02.printSurgeries()[pri:4, instance:testCases.TC_02@4b45a2f5]" name="printSurgeries" class="testCases.TC_02"/>
        <method signature="TC_03.validateForm_Invalid_Detials()[pri:6, instance:testCases.TC_03@41a0aa7d]" name="validateForm_Invalid_Detials" class="testCases.TC_03"/>
        <method signature="TC_04.validateForm_Valid_Detials()[pri:8, instance:testCases.TC_04@2794eab6]" name="validateForm_Valid_Detials" class="testCases.TC_04"/>
      </group> <!-- Regression -->
      <group name="smoke">
        <method signature="TC_01.checkUrl()[pri:1, instance:testCases.TC_01@5677323c]" name="checkUrl" class="testCases.TC_01"/>
        <method signature="TC_01.checkLocations()[pri:0, instance:testCases.TC_01@5677323c]" name="checkLocations" class="testCases.TC_01"/>
        <method signature="TC_01.checkSpecialist()[pri:0, instance:testCases.TC_01@5677323c]" name="checkSpecialist" class="testCases.TC_01"/>
        <method signature="TC_02.checkSurgiersPageOpened()[pri:3, instance:testCases.TC_02@4b45a2f5]" name="checkSurgiersPageOpened" class="testCases.TC_02"/>
        <method signature="TC_03.checkDemoPageOpened()[pri:5, instance:testCases.TC_03@41a0aa7d]" name="checkDemoPageOpened" class="testCases.TC_03"/>
        <method signature="TC_04.checkDemoPageOpened()[pri:7, instance:testCases.TC_04@2794eab6]" name="checkDemoPageOpened" class="testCases.TC_04"/>
        <method signature="TC_05.endToEnd()[pri:0, instance:testCases.TC_05@6340e5f0]" name="endToEnd" class="testCases.TC_05"/>
      </group> <!-- smoke -->
    </groups>
    <test started-at="2024-02-28T15:27:59 IST" name="Test" finished-at="2024-02-28T15:38:23 IST" duration-ms="623306">
      <class name="testCases.TC_02">
        <test-method is-config="true" signature="setup(java.lang.String,java.lang.String)[pri:0, instance:testCases.TC_02@4b45a2f5]" started-at="2024-02-28T15:29:55 IST" name="setup" finished-at="2024-02-28T15:30:14 IST" duration-ms="18969" status="PASS">
          <params>
            <param index="0">
              <value>
                <![CDATA[windows]]>
              </value>
            </param>
            <param index="1">
              <value>
                <![CDATA[chrome]]>
              </value>
            </param>
          </params>
          <reporter-output>
          </reporter-output>
        </test-method> <!-- setup -->
        <test-method signature="checkSurgiersPageOpened()[pri:3, instance:testCases.TC_02@4b45a2f5]" started-at="2024-02-28T15:30:14 IST" name="checkSurgiersPageOpened" finished-at="2024-02-28T15:30:40 IST" duration-ms="25893" status="PASS">
          <reporter-output>
          </reporter-output>
        </test-method> <!-- checkSurgiersPageOpened -->
        <test-method signature="printSurgeries()[pri:4, instance:testCases.TC_02@4b45a2f5]" started-at="2024-02-28T15:30:40 IST" name="printSurgeries" finished-at="2024-02-28T15:30:41 IST" depends-on-methods="testCases.TC_02.checkSurgiersPageOpened" duration-ms="1234" status="PASS">
          <reporter-output>
          </reporter-output>
        </test-method> <!-- printSurgeries -->
        <test-method is-config="true" signature="tearDown()[pri:0, instance:testCases.TC_02@4b45a2f5]" started-at="2024-02-28T15:30:41 IST" name="tearDown" finished-at="2024-02-28T15:30:44 IST" duration-ms="2663" status="PASS">
          <reporter-output>
          </reporter-output>
        </test-method> <!-- tearDown -->
      </class> <!-- testCases.TC_02 -->
      <class name="testCases.TC_01">
        <test-method is-config="true" signature="setup(java.lang.String,java.lang.String)[pri:0, instance:testCases.TC_01@5677323c]" started-at="2024-02-28T15:28:00 IST" name="setup" finished-at="2024-02-28T15:28:17 IST" duration-ms="17009" status="PASS">
          <params>
            <param index="0">
              <value>
                <![CDATA[windows]]>
              </value>
            </param>
            <param index="1">
              <value>
                <![CDATA[chrome]]>
              </value>
            </param>
          </params>
          <reporter-output>
          </reporter-output>
        </test-method> <!-- setup -->
        <test-method signature="checkUrl()[pri:1, instance:testCases.TC_01@5677323c]" started-at="2024-02-28T15:28:17 IST" name="checkUrl" finished-at="2024-02-28T15:28:17 IST" duration-ms="301" status="PASS">
          <reporter-output>
          </reporter-output>
        </test-method> <!-- checkUrl -->
        <test-method signature="checkLocations()[pri:0, instance:testCases.TC_01@5677323c]" started-at="2024-02-28T15:28:17 IST" name="checkLocations" finished-at="2024-02-28T15:28:56 IST" depends-on-methods="testCases.TC_01.checkUrl" duration-ms="39284" status="PASS">
          <reporter-output>
          </reporter-output>
        </test-method> <!-- checkLocations -->
        <test-method signature="checkSpecialist()[pri:0, instance:testCases.TC_01@5677323c]" started-at="2024-02-28T15:28:56 IST" name="checkSpecialist" finished-at="2024-02-28T15:28:57 IST" depends-on-methods="testCases.TC_01.checkUrl" duration-ms="439" status="PASS">
          <reporter-output>
          </reporter-output>
        </test-method> <!-- checkSpecialist -->
        <test-method signature="checkDoctorDetials()[pri:2, instance:testCases.TC_01@5677323c]" started-at="2024-02-28T15:28:57 IST" name="checkDoctorDetials" finished-at="2024-02-28T15:29:52 IST" depends-on-methods="testCases.TC_01.checkLocations, testCases.TC_01.checkSpecialist" duration-ms="55029" status="PASS">
          <reporter-output>
          </reporter-output>
        </test-method> <!-- checkDoctorDetials -->
        <test-method is-config="true" signature="tearDown()[pri:0, instance:testCases.TC_01@5677323c]" started-at="2024-02-28T15:29:52 IST" name="tearDown" finished-at="2024-02-28T15:29:55 IST" duration-ms="3077" status="PASS">
          <reporter-output>
          </reporter-output>
        </test-method> <!-- tearDown -->
      </class> <!-- testCases.TC_01 -->
      <class name="testCases.TC_04">
        <test-method is-config="true" signature="setup(java.lang.String,java.lang.String)[pri:0, instance:testCases.TC_04@2794eab6]" started-at="2024-02-28T15:31:47 IST" name="setup" finished-at="2024-02-28T15:32:35 IST" duration-ms="47379" status="PASS">
          <params>
            <param index="0">
              <value>
                <![CDATA[windows]]>
              </value>
            </param>
            <param index="1">
              <value>
                <![CDATA[chrome]]>
              </value>
            </param>
          </params>
          <reporter-output>
          </reporter-output>
        </test-method> <!-- setup -->
        <test-method signature="checkDemoPageOpened()[pri:7, instance:testCases.TC_04@2794eab6]" started-at="2024-02-28T15:32:35 IST" name="checkDemoPageOpened" finished-at="2024-02-28T15:32:50 IST" duration-ms="15459" status="PASS">
          <reporter-output>
          </reporter-output>
        </test-method> <!-- checkDemoPageOpened -->
        <test-method signature="validateForm_Valid_Detials()[pri:8, instance:testCases.TC_04@2794eab6]" started-at="2024-02-28T15:32:50 IST" name="validateForm_Valid_Detials" finished-at="2024-02-28T15:33:08 IST" depends-on-methods="testCases.TC_04.checkDemoPageOpened" duration-ms="17866" status="PASS">
          <reporter-output>
          </reporter-output>
        </test-method> <!-- validateForm_Valid_Detials -->
        <test-method is-config="true" signature="tearDown()[pri:0, instance:testCases.TC_04@2794eab6]" started-at="2024-02-28T15:33:08 IST" name="tearDown" finished-at="2024-02-28T15:33:11 IST" duration-ms="3180" status="PASS">
          <reporter-output>
          </reporter-output>
        </test-method> <!-- tearDown -->
      </class> <!-- testCases.TC_04 -->
      <class name="testCases.TC_03">
        <test-method is-config="true" signature="setup(java.lang.String,java.lang.String)[pri:0, instance:testCases.TC_03@41a0aa7d]" started-at="2024-02-28T15:30:44 IST" name="setup" finished-at="2024-02-28T15:30:58 IST" duration-ms="14627" status="PASS">
          <params>
            <param index="0">
              <value>
                <![CDATA[windows]]>
              </value>
            </param>
            <param index="1">
              <value>
                <![CDATA[chrome]]>
              </value>
            </param>
          </params>
          <reporter-output>
          </reporter-output>
        </test-method> <!-- setup -->
        <test-method signature="checkDemoPageOpened()[pri:5, instance:testCases.TC_03@41a0aa7d]" started-at="2024-02-28T15:30:58 IST" name="checkDemoPageOpened" finished-at="2024-02-28T15:31:42 IST" duration-ms="43711" status="PASS">
          <reporter-output>
          </reporter-output>
        </test-method> <!-- checkDemoPageOpened -->
        <test-method signature="validateForm_Invalid_Detials()[pri:6, instance:testCases.TC_03@41a0aa7d]" started-at="2024-02-28T15:31:42 IST" name="validateForm_Invalid_Detials" finished-at="2024-02-28T15:31:44 IST" depends-on-methods="testCases.TC_03.checkDemoPageOpened" duration-ms="2215" status="PASS">
          <reporter-output>
          </reporter-output>
        </test-method> <!-- validateForm_Invalid_Detials -->
        <test-method is-config="true" signature="tearDown()[pri:0, instance:testCases.TC_03@41a0aa7d]" started-at="2024-02-28T15:31:44 IST" name="tearDown" finished-at="2024-02-28T15:31:47 IST" duration-ms="2988" status="PASS">
          <reporter-output>
          </reporter-output>
        </test-method> <!-- tearDown -->
      </class> <!-- testCases.TC_03 -->
      <class name="testCases.TC_05">
        <test-method is-config="true" signature="setup(java.lang.String,java.lang.String)[pri:0, instance:testCases.TC_05@6340e5f0]" started-at="2024-02-28T15:33:11 IST" name="setup" finished-at="2024-02-28T15:33:58 IST" duration-ms="47255" status="PASS">
          <params>
            <param index="0">
              <value>
                <![CDATA[windows]]>
              </value>
            </param>
            <param index="1">
              <value>
                <![CDATA[chrome]]>
              </value>
            </param>
          </params>
          <reporter-output>
          </reporter-output>
        </test-method> <!-- setup -->
        <test-method signature="endToEnd()[pri:0, instance:testCases.TC_05@6340e5f0]" started-at="2024-02-28T15:33:58 IST" name="endToEnd" finished-at="2024-02-28T15:38:19 IST" duration-ms="260125" status="PASS">
          <reporter-output>
          </reporter-output>
        </test-method> <!-- endToEnd -->
        <test-method is-config="true" signature="tearDown()[pri:0, instance:testCases.TC_05@6340e5f0]" started-at="2024-02-28T15:38:19 IST" name="tearDown" finished-at="2024-02-28T15:38:23 IST" duration-ms="4262" status="PASS">
          <reporter-output>
          </reporter-output>
        </test-method> <!-- tearDown -->
      </class> <!-- testCases.TC_05 -->
    </test> <!-- Test -->
  </suite> <!-- Suite -->
</testng-results>
